<?xml version="1.0" encoding="UTF-8"?>
<testsuite xmlns:xsi="http://www.w3.org/2001/XMLSchema-instance" xsi:noNamespaceSchemaLocation="https://maven.apache.org/surefire/maven-surefire-plugin/xsd/surefire-test-report.xsd" name="pl.edu.pw.ee.PrimMinHeapTest" time="0.083" tests="3" errors="0" skipped="0" failures="0">
  <properties>
[...]
</properties>
  <testcase name="shouldThrowException_inputGraphIsNull" classname="pl.edu.pw.ee.PrimMinHeapTest" time="0"/>
  <testcase name="shouldThrowException_popEmpty" classname="pl.edu.pw.ee.PrimMinHeapTest" time="0"/>
  <testcase name="shouldThrowException_putNull" classname="pl.edu.pw.ee.PrimMinHeapTest" time="0"/>
</testsuite>